Script output: 
Hiba történt: Hiba történt a felhasználó létrehozása során: 
Naplófájl tartalma:
2024-07-26 18:21:34 - Létrehozva a szükséges könyvtárak: /etc/httpd/sites-available és /etc/httpd/sites-enabled
2024-07-26 18:21:34 - Felhasználó létrehozva: Perry10
2024-07-26 18:21:34 - Jelszó beállítva a felhasználónak: Perry10
2024-07-26 18:21:34 - Home könyvtár jogosultságai beállítva: /home/Perry10
2024-07-26 18:21:34 - Szükséges könyvtárak létrehozva: /home/Perry10/domains/10teszt.hostfix.hu/public_html, /home/Perry10/domains/10teszt.hostfix.hu/logs, /home/Perry10/mail, /home/Perry10/backup, /home/Perry10/tmp, /home/Perry10/private, /home/Perry10/config
2024-07-26 18:21:34 - Könyvtárak jogosultságai beállítva
2024-07-26 18:21:34 - Virtuális Host konfiguráció létrehozva: /etc/httpd/sites-available/10teszt.hostfix.hu.conf
2024-07-26 18:21:34 - Szimbolikus link létrehozva: /etc/httpd/sites-enabled/10teszt.hostfix.hu.conf (időtartam: 0 másodperc)
2024-07-26 18:23:05 - Apache újraindítva
2024-07-26 18:23:05 - Alapértelmezett index.html létrehozva és jogosultságok beállítva: /home/Perry10/domains/10teszt.hostfix.hu/public_html/index.html
2024-07-26 18:23:05 - User Perry10 has been created successfully with domain 10teszt.hostfix.hu.
2024-07-26 18:23:05 - Access the default index page at http://10teszt.hostfix.hu/index.html
2024-07-26 18:23:05 - Lefutott add_user.sh script

Script output: 
Hiba történt: Hiba történt a felhasználó létrehozása során: 
Naplófájl tartalma:
2024-07-26 18:21:34 - Létrehozva a szükséges könyvtárak: /etc/httpd/sites-available és /etc/httpd/sites-enabled
2024-07-26 18:21:34 - Felhasználó létrehozva: Perry10
2024-07-26 18:21:34 - Jelszó beállítva a felhasználónak: Perry10
2024-07-26 18:21:34 - Home könyvtár jogosultságai beállítva: /home/Perry10
2024-07-26 18:21:34 - Szükséges könyvtárak létrehozva: /home/Perry10/domains/10teszt.hostfix.hu/public_html, /home/Perry10/domains/10teszt.hostfix.hu/logs, /home/Perry10/mail, /home/Perry10/backup, /home/Perry10/tmp, /home/Perry10/private, /home/Perry10/config
2024-07-26 18:21:34 - Könyvtárak jogosultságai beállítva
2024-07-26 18:21:34 - Virtuális Host konfiguráció létrehozva: /etc/httpd/sites-available/10teszt.hostfix.hu.conf
2024-07-26 18:21:34 - Szimbolikus link létrehozva: /etc/httpd/sites-enabled/10teszt.hostfix.hu.conf (időtartam: 0 másodperc)
2024-07-26 18:23:05 - Apache újraindítva
2024-07-26 18:23:05 - Alapértelmezett index.html létrehozva és jogosultságok beállítva: /home/Perry10/domains/10teszt.hostfix.hu/public_html/index.html
2024-07-26 18:23:05 - User Perry10 has been created successfully with domain 10teszt.hostfix.hu.
2024-07-26 18:23:05 - Access the default index page at http://10teszt.hostfix.hu/index.html
2024-07-26 18:23:05 - Lefutott add_user.sh script
2024-07-26 18:23:05 - Hiba történt a felhasználó létrehozása során: useradd: user 'Perry10' already exists

Script output: 
Hiba történt: Hiba történt a felhasználó létrehozása során: 
Naplófájl tartalma:
2024-07-26 18:21:34 - Létrehozva a szükséges könyvtárak: /etc/httpd/sites-available és /etc/httpd/sites-enabled
2024-07-26 18:21:34 - Felhasználó létrehozva: Perry10
2024-07-26 18:21:34 - Jelszó beállítva a felhasználónak: Perry10
2024-07-26 18:21:34 - Home könyvtár jogosultságai beállítva: /home/Perry10
2024-07-26 18:21:34 - Szükséges könyvtárak létrehozva: /home/Perry10/domains/10teszt.hostfix.hu/public_html, /home/Perry10/domains/10teszt.hostfix.hu/logs, /home/Perry10/mail, /home/Perry10/backup, /home/Perry10/tmp, /home/Perry10/private, /home/Perry10/config
2024-07-26 18:21:34 - Könyvtárak jogosultságai beállítva
2024-07-26 18:21:34 - Virtuális Host konfiguráció létrehozva: /etc/httpd/sites-available/10teszt.hostfix.hu.conf
2024-07-26 18:21:34 - Szimbolikus link létrehozva: /etc/httpd/sites-enabled/10teszt.hostfix.hu.conf (időtartam: 0 másodperc)
2024-07-26 18:23:05 - Apache újraindítva
2024-07-26 18:23:05 - Alapértelmezett index.html létrehozva és jogosultságok beállítva: /home/Perry10/domains/10teszt.hostfix.hu/public_html/index.html
2024-07-26 18:23:05 - User Perry10 has been created successfully with domain 10teszt.hostfix.hu.
2024-07-26 18:23:05 - Access the default index page at http://10teszt.hostfix.hu/index.html
2024-07-26 18:23:05 - Lefutott add_user.sh script
2024-07-26 18:23:05 - Hiba történt a felhasználó létrehozása során: useradd: user 'Perry10' already exists
2024-07-26 18:27:59 - Létrehozva a szükséges könyvtárak: /etc/httpd/sites-available és /etc/httpd/sites-enabled
2024-07-26 18:27:59 - Felhasználó létrehozva: Perry11
2024-07-26 18:27:59 - Jelszó beállítva a felhasználónak: Perry11
2024-07-26 18:27:59 - Home könyvtár jogosultságai beállítva: /home/Perry11
2024-07-26 18:27:59 - Szükséges könyvtárak létrehozva: /home/Perry11/domains/11teszt.hostfix.hu/public_html, /home/Perry11/domains/11teszt.hostfix.hu/logs, /home/Perry11/mail, /home/Perry11/backup, /home/Perry11/tmp, /home/Perry11/private, /home/Perry11/config
2024-07-26 18:27:59 - Könyvtárak jogosultságai beállítva
2024-07-26 18:27:59 - Virtuális Host konfiguráció létrehozva: /etc/httpd/sites-available/11teszt.hostfix.hu.conf
2024-07-26 18:27:59 - Szimbolikus link létrehozva: /etc/httpd/sites-enabled/11teszt.hostfix.hu.conf (időtartam: 0 másodperc)
2024-07-26 18:29:30 - Apache újraindítva
2024-07-26 18:29:30 - Alapértelmezett index.html létrehozva és jogosultságok beállítva: /home/Perry11/domains/11teszt.hostfix.hu/public_html/index.html
2024-07-26 18:29:30 - User Perry11 has been created successfully with domain 11teszt.hostfix.hu.
2024-07-26 18:29:30 - Access the default index page at http://11teszt.hostfix.hu/index.html
2024-07-26 18:29:30 - Lefutott add_user.sh script

Script output: 
Hiba történt: Hiba történt a felhasználó létrehozása során: 
Naplófájl tartalma:
2024-07-26 18:21:34 - Létrehozva a szükséges könyvtárak: /etc/httpd/sites-available és /etc/httpd/sites-enabled
2024-07-26 18:21:34 - Felhasználó létrehozva: Perry10
2024-07-26 18:21:34 - Jelszó beállítva a felhasználónak: Perry10
2024-07-26 18:21:34 - Home könyvtár jogosultságai beállítva: /home/Perry10
2024-07-26 18:21:34 - Szükséges könyvtárak létrehozva: /home/Perry10/domains/10teszt.hostfix.hu/public_html, /home/Perry10/domains/10teszt.hostfix.hu/logs, /home/Perry10/mail, /home/Perry10/backup, /home/Perry10/tmp, /home/Perry10/private, /home/Perry10/config
2024-07-26 18:21:34 - Könyvtárak jogosultságai beállítva
2024-07-26 18:21:34 - Virtuális Host konfiguráció létrehozva: /etc/httpd/sites-available/10teszt.hostfix.hu.conf
2024-07-26 18:21:34 - Szimbolikus link létrehozva: /etc/httpd/sites-enabled/10teszt.hostfix.hu.conf (időtartam: 0 másodperc)
2024-07-26 18:23:05 - Apache újraindítva
2024-07-26 18:23:05 - Alapértelmezett index.html létrehozva és jogosultságok beállítva: /home/Perry10/domains/10teszt.hostfix.hu/public_html/index.html
2024-07-26 18:23:05 - User Perry10 has been created successfully with domain 10teszt.hostfix.hu.
2024-07-26 18:23:05 - Access the default index page at http://10teszt.hostfix.hu/index.html
2024-07-26 18:23:05 - Lefutott add_user.sh script
2024-07-26 18:23:05 - Hiba történt a felhasználó létrehozása során: useradd: user 'Perry10' already exists
2024-07-26 18:27:59 - Létrehozva a szükséges könyvtárak: /etc/httpd/sites-available és /etc/httpd/sites-enabled
2024-07-26 18:27:59 - Felhasználó létrehozva: Perry11
2024-07-26 18:27:59 - Jelszó beállítva a felhasználónak: Perry11
2024-07-26 18:27:59 - Home könyvtár jogosultságai beállítva: /home/Perry11
2024-07-26 18:27:59 - Szükséges könyvtárak létrehozva: /home/Perry11/domains/11teszt.hostfix.hu/public_html, /home/Perry11/domains/11teszt.hostfix.hu/logs, /home/Perry11/mail, /home/Perry11/backup, /home/Perry11/tmp, /home/Perry11/private, /home/Perry11/config
2024-07-26 18:27:59 - Könyvtárak jogosultságai beállítva
2024-07-26 18:27:59 - Virtuális Host konfiguráció létrehozva: /etc/httpd/sites-available/11teszt.hostfix.hu.conf
2024-07-26 18:27:59 - Szimbolikus link létrehozva: /etc/httpd/sites-enabled/11teszt.hostfix.hu.conf (időtartam: 0 másodperc)
2024-07-26 18:29:30 - Apache újraindítva
2024-07-26 18:29:30 - Alapértelmezett index.html létrehozva és jogosultságok beállítva: /home/Perry11/domains/11teszt.hostfix.hu/public_html/index.html
2024-07-26 18:29:30 - User Perry11 has been created successfully with domain 11teszt.hostfix.hu.
2024-07-26 18:29:30 - Access the default index page at http://11teszt.hostfix.hu/index.html
2024-07-26 18:29:30 - Lefutott add_user.sh script
2024-07-26 18:29:30 - Hiba történt a felhasználó létrehozása során: useradd: user 'Perry11' already exists

Script output: 
Hiba történt: Hiba történt a felhasználó létrehozása során: 
Naplófájl tartalma:
2024-07-26 18:21:34 - Létrehozva a szükséges könyvtárak: /etc/httpd/sites-available és /etc/httpd/sites-enabled
2024-07-26 18:21:34 - Felhasználó létrehozva: Perry10
2024-07-26 18:21:34 - Jelszó beállítva a felhasználónak: Perry10
2024-07-26 18:21:34 - Home könyvtár jogosultságai beállítva: /home/Perry10
2024-07-26 18:21:34 - Szükséges könyvtárak létrehozva: /home/Perry10/domains/10teszt.hostfix.hu/public_html, /home/Perry10/domains/10teszt.hostfix.hu/logs, /home/Perry10/mail, /home/Perry10/backup, /home/Perry10/tmp, /home/Perry10/private, /home/Perry10/config
2024-07-26 18:21:34 - Könyvtárak jogosultságai beállítva
2024-07-26 18:21:34 - Virtuális Host konfiguráció létrehozva: /etc/httpd/sites-available/10teszt.hostfix.hu.conf
2024-07-26 18:21:34 - Szimbolikus link létrehozva: /etc/httpd/sites-enabled/10teszt.hostfix.hu.conf (időtartam: 0 másodperc)
2024-07-26 18:23:05 - Apache újraindítva
2024-07-26 18:23:05 - Alapértelmezett index.html létrehozva és jogosultságok beállítva: /home/Perry10/domains/10teszt.hostfix.hu/public_html/index.html
2024-07-26 18:23:05 - User Perry10 has been created successfully with domain 10teszt.hostfix.hu.
2024-07-26 18:23:05 - Access the default index page at http://10teszt.hostfix.hu/index.html
2024-07-26 18:23:05 - Lefutott add_user.sh script
2024-07-26 18:23:05 - Hiba történt a felhasználó létrehozása során: useradd: user 'Perry10' already exists
2024-07-26 18:27:59 - Létrehozva a szükséges könyvtárak: /etc/httpd/sites-available és /etc/httpd/sites-enabled
2024-07-26 18:27:59 - Felhasználó létrehozva: Perry11
2024-07-26 18:27:59 - Jelszó beállítva a felhasználónak: Perry11
2024-07-26 18:27:59 - Home könyvtár jogosultságai beállítva: /home/Perry11
2024-07-26 18:27:59 - Szükséges könyvtárak létrehozva: /home/Perry11/domains/11teszt.hostfix.hu/public_html, /home/Perry11/domains/11teszt.hostfix.hu/logs, /home/Perry11/mail, /home/Perry11/backup, /home/Perry11/tmp, /home/Perry11/private, /home/Perry11/config
2024-07-26 18:27:59 - Könyvtárak jogosultságai beállítva
2024-07-26 18:27:59 - Virtuális Host konfiguráció létrehozva: /etc/httpd/sites-available/11teszt.hostfix.hu.conf
2024-07-26 18:27:59 - Szimbolikus link létrehozva: /etc/httpd/sites-enabled/11teszt.hostfix.hu.conf (időtartam: 0 másodperc)
2024-07-26 18:29:30 - Apache újraindítva
2024-07-26 18:29:30 - Alapértelmezett index.html létrehozva és jogosultságok beállítva: /home/Perry11/domains/11teszt.hostfix.hu/public_html/index.html
2024-07-26 18:29:30 - User Perry11 has been created successfully with domain 11teszt.hostfix.hu.
2024-07-26 18:29:30 - Access the default index page at http://11teszt.hostfix.hu/index.html
2024-07-26 18:29:30 - Lefutott add_user.sh script
2024-07-26 18:29:30 - Hiba történt a felhasználó létrehozása során: useradd: user 'Perry11' already exists
2024-07-26 18:38:07 - Létrehozva a szükséges könyvtárak: /etc/httpd/sites-available és /etc/httpd/sites-enabled
2024-07-26 18:38:07 - Felhasználó létrehozva: Perry12
2024-07-26 18:38:07 - Jelszó beállítva a felhasználónak: Perry12
2024-07-26 18:38:07 - Home könyvtár jogosultságai beállítva: /home/Perry12
2024-07-26 18:38:07 - Szükséges könyvtárak létrehozva: /home/Perry12/domains/12teszt.hostfix.hu/public_html, /home/Perry12/domains/12teszt.hostfix.hu/logs, /home/Perry12/mail, /home/Perry12/backup, /home/Perry12/tmp, /home/Perry12/private, /home/Perry12/config
2024-07-26 18:38:07 - Könyvtárak jogosultságai beállítva
2024-07-26 18:38:07 - Virtuális Host konfiguráció létrehozva: /etc/httpd/sites-available/12teszt.hostfix.hu.conf
2024-07-26 18:38:07 - Szimbolikus link létrehozva: /etc/httpd/sites-enabled/12teszt.hostfix.hu.conf (időtartam: 0 másodperc)
2024-07-26 18:39:37 - Apache újraindítva
2024-07-26 18:39:37 - Alapértelmezett index.html létrehozva és jogosultságok beállítva: /home/Perry12/domains/12teszt.hostfix.hu/public_html/index.html
2024-07-26 18:39:37 - User Perry12 has been created successfully with domain 12teszt.hostfix.hu.
2024-07-26 18:39:37 - Access the default index page at http://12teszt.hostfix.hu/index.html
2024-07-26 18:39:37 - Lefutott add_user.sh script

