2024-07-26 15:41:58 - Init.php loaded
2024-07-26 15:41:58 - Script started
2024-07-26 15:41:58 - Init file loaded
2024-07-26 15:41:58 - Admin authentication passed
2024-07-26 15:41:58 - Database connection established
2024-07-26 15:41:58 - Table structure: [{"Field":"id","Type":"int(11)","Null":"NO","Key":"PRI","Default":null,"Extra":"auto_increment"},{"Field":"username","Type":"varchar(50)","Null":"NO","Key":"UNI","Default":null,"Extra":""},{"Field":"password","Type":"varchar(255)","Null":"NO","Key":"","Default":null,"Extra":""},{"Field":"email","Type":"varchar(100)","Null":"NO","Key":"UNI","Default":null,"Extra":""},{"Field":"role","Type":"enum('admin','user')","Null":"NO","Key":"","Default":null,"Extra":""},{"Field":"default_domain","Type":"varchar(255)","Null":"NO","Key":"","Default":null,"Extra":""},{"Field":"bandwidth_limit","Type":"int(11)","Null":"NO","Key":"","Default":"0","Extra":""},{"Field":"disk_space_limit","Type":"int(11)","Null":"NO","Key":"","Default":"0","Extra":""},{"Field":"inode_limit","Type":"int(11)","Null":"NO","Key":"","Default":"0","Extra":""},{"Field":"domains_limit","Type":"int(11)","Null":"NO","Key":"","Default":"0","Extra":""},{"Field":"subdomains_limit","Type":"int(11)","Null":"NO","Key":"","Default":"0","Extra":""},{"Field":"domain_pointers_limit","Type":"int(11)","Null":"NO","Key":"","Default":"0","Extra":""},{"Field":"email_accounts_limit","Type":"int(11)","Null":"NO","Key":"","Default":"0","Extra":""},{"Field":"email_forwarders_limit","Type":"int(11)","Null":"NO","Key":"","Default":"0","Extra":""},{"Field":"autoresponders_limit","Type":"int(11)","Null":"NO","Key":"","Default":"0","Extra":""},{"Field":"mysql_databases_limit","Type":"int(11)","Null":"NO","Key":"","Default":"0","Extra":""},{"Field":"ftp_accounts_limit","Type":"int(11)","Null":"NO","Key":"","Default":"0","Extra":""},{"Field":"admin_session","Type":"varchar(255)","Null":"YES","Key":"","Default":null,"Extra":""},{"Field":"linked_admin_id","Type":"int(11)","Null":"YES","Key":"MUL","Default":null,"Extra":""},{"Field":"created_at","Type":"timestamp","Null":"NO","Key":"","Default":"current_timestamp()","Extra":""}]
2024-07-26 15:41:58 - Query: SELECT id, username, email, default_domain, bandwidth_limit, disk_space_limit FROM users WHERE role = "user"
2024-07-26 15:41:58 - Query executed and data fetched
2024-07-26 15:41:58 - Fetched data before header include: [{"id":2,"username":"panel_user","email":"teszt@teszt.hu","default_domain":"teszt.hu","bandwidth_limit":100,"disk_space_limit":1000},{"id":3,"username":"safe","email":"gitt@git.hu","default_domain":"gitdomi.hu","bandwidth_limit":0,"disk_space_limit":0},{"id":4,"username":"asasa","email":"sadaad@dff.v","default_domain":"sss.hu","bandwidth_limit":10,"disk_space_limit":10}]
2024-07-26 15:41:58 - Header.php loaded
2024-07-26 15:41:58 - Fetched data after header include: [{"id":2,"username":"panel_user","email":"teszt@teszt.hu","default_domain":"teszt.hu","bandwidth_limit":100,"disk_space_limit":1000},{"id":3,"username":"safe","email":"gitt@git.hu","default_domain":"gitdomi.hu","bandwidth_limit":0,"disk_space_limit":0},{"id":4,"username":"asasa","email":"sadaad@dff.v","default_domain":"sss.hu","bandwidth_limit":10,"disk_space_limit":10}]
2024-07-26 15:41:58 - Fetched data after sidebar include: [{"id":2,"username":"panel_user","email":"teszt@teszt.hu","default_domain":"teszt.hu","bandwidth_limit":100,"disk_space_limit":1000},{"id":3,"username":"safe","email":"gitt@git.hu","default_domain":"gitdomi.hu","bandwidth_limit":0,"disk_space_limit":0},{"id":4,"username":"asasa","email":"sadaad@dff.v","default_domain":"sss.hu","bandwidth_limit":10,"disk_space_limit":10}]
2024-07-26 15:41:58 - Before table generation, users: [{"id":2,"username":"panel_user","email":"teszt@teszt.hu","default_domain":"teszt.hu","bandwidth_limit":100,"disk_space_limit":1000},{"id":3,"username":"safe","email":"gitt@git.hu","default_domain":"gitdomi.hu","bandwidth_limit":0,"disk_space_limit":0},{"id":4,"username":"asasa","email":"sadaad@dff.v","default_domain":"sss.hu","bandwidth_limit":10,"disk_space_limit":10}]
2024-07-26 15:41:58 - Processing user in table: {"id":2,"username":"panel_user","email":"teszt@teszt.hu","default_domain":"teszt.hu","bandwidth_limit":100,"disk_space_limit":1000}
2024-07-26 15:41:58 - Processing user in table: {"id":3,"username":"safe","email":"gitt@git.hu","default_domain":"gitdomi.hu","bandwidth_limit":0,"disk_space_limit":0}
2024-07-26 15:41:58 - Processing user in table: {"id":4,"username":"asasa","email":"sadaad@dff.v","default_domain":"sss.hu","bandwidth_limit":10,"disk_space_limit":10}
2024-07-26 15:41:58 - After table generation, users: [{"id":2,"username":"panel_user","email":"teszt@teszt.hu","default_domain":"teszt.hu","bandwidth_limit":100,"disk_space_limit":1000},{"id":3,"username":"safe","email":"gitt@git.hu","default_domain":"gitdomi.hu","bandwidth_limit":0,"disk_space_limit":0},{"id":4,"username":"asasa","email":"sadaad@dff.v","default_domain":"sss.hu","bandwidth_limit":10,"disk_space_limit":10}]
2024-07-26 15:41:58 - Script ended
2024-07-26 13:42:03 - Init.php loaded
2024-07-26 13:42:03 - Header.php loaded
2024-07-26 15:42:05 - Init.php loaded
2024-07-26 15:42:05 - Script started
2024-07-26 15:42:05 - Init file loaded
2024-07-26 15:42:05 - Admin authentication passed
2024-07-26 15:42:05 - Database connection established
2024-07-26 15:42:05 - Table structure: [{"Field":"id","Type":"int(11)","Null":"NO","Key":"PRI","Default":null,"Extra":"auto_increment"},{"Field":"username","Type":"varchar(50)","Null":"NO","Key":"UNI","Default":null,"Extra":""},{"Field":"password","Type":"varchar(255)","Null":"NO","Key":"","Default":null,"Extra":""},{"Field":"email","Type":"varchar(100)","Null":"NO","Key":"UNI","Default":null,"Extra":""},{"Field":"role","Type":"enum('admin','user')","Null":"NO","Key":"","Default":null,"Extra":""},{"Field":"default_domain","Type":"varchar(255)","Null":"NO","Key":"","Default":null,"Extra":""},{"Field":"bandwidth_limit","Type":"int(11)","Null":"NO","Key":"","Default":"0","Extra":""},{"Field":"disk_space_limit","Type":"int(11)","Null":"NO","Key":"","Default":"0","Extra":""},{"Field":"inode_limit","Type":"int(11)","Null":"NO","Key":"","Default":"0","Extra":""},{"Field":"domains_limit","Type":"int(11)","Null":"NO","Key":"","Default":"0","Extra":""},{"Field":"subdomains_limit","Type":"int(11)","Null":"NO","Key":"","Default":"0","Extra":""},{"Field":"domain_pointers_limit","Type":"int(11)","Null":"NO","Key":"","Default":"0","Extra":""},{"Field":"email_accounts_limit","Type":"int(11)","Null":"NO","Key":"","Default":"0","Extra":""},{"Field":"email_forwarders_limit","Type":"int(11)","Null":"NO","Key":"","Default":"0","Extra":""},{"Field":"autoresponders_limit","Type":"int(11)","Null":"NO","Key":"","Default":"0","Extra":""},{"Field":"mysql_databases_limit","Type":"int(11)","Null":"NO","Key":"","Default":"0","Extra":""},{"Field":"ftp_accounts_limit","Type":"int(11)","Null":"NO","Key":"","Default":"0","Extra":""},{"Field":"admin_session","Type":"varchar(255)","Null":"YES","Key":"","Default":null,"Extra":""},{"Field":"linked_admin_id","Type":"int(11)","Null":"YES","Key":"MUL","Default":null,"Extra":""},{"Field":"created_at","Type":"timestamp","Null":"NO","Key":"","Default":"current_timestamp()","Extra":""}]
2024-07-26 15:42:05 - Query: SELECT id, username, email, default_domain, bandwidth_limit, disk_space_limit FROM users WHERE role = "user"
2024-07-26 15:42:05 - Query executed and data fetched
2024-07-26 15:42:05 - Fetched data before header include: [{"id":2,"username":"panel_user","email":"teszt@teszt.hu","default_domain":"teszt.hu","bandwidth_limit":100,"disk_space_limit":1000},{"id":3,"username":"safe","email":"gitt@git.hu","default_domain":"gitdomi.hu","bandwidth_limit":0,"disk_space_limit":0},{"id":4,"username":"asasa","email":"sadaad@dff.v","default_domain":"sss.hu","bandwidth_limit":10,"disk_space_limit":10}]
2024-07-26 15:42:05 - Header.php loaded
2024-07-26 15:42:05 - Fetched data after header include: [{"id":2,"username":"panel_user","email":"teszt@teszt.hu","default_domain":"teszt.hu","bandwidth_limit":100,"disk_space_limit":1000},{"id":3,"username":"safe","email":"gitt@git.hu","default_domain":"gitdomi.hu","bandwidth_limit":0,"disk_space_limit":0},{"id":4,"username":"asasa","email":"sadaad@dff.v","default_domain":"sss.hu","bandwidth_limit":10,"disk_space_limit":10}]
2024-07-26 15:42:05 - Fetched data after sidebar include: [{"id":2,"username":"panel_user","email":"teszt@teszt.hu","default_domain":"teszt.hu","bandwidth_limit":100,"disk_space_limit":1000},{"id":3,"username":"safe","email":"gitt@git.hu","default_domain":"gitdomi.hu","bandwidth_limit":0,"disk_space_limit":0},{"id":4,"username":"asasa","email":"sadaad@dff.v","default_domain":"sss.hu","bandwidth_limit":10,"disk_space_limit":10}]
2024-07-26 15:42:05 - Before table generation, users: [{"id":2,"username":"panel_user","email":"teszt@teszt.hu","default_domain":"teszt.hu","bandwidth_limit":100,"disk_space_limit":1000},{"id":3,"username":"safe","email":"gitt@git.hu","default_domain":"gitdomi.hu","bandwidth_limit":0,"disk_space_limit":0},{"id":4,"username":"asasa","email":"sadaad@dff.v","default_domain":"sss.hu","bandwidth_limit":10,"disk_space_limit":10}]
2024-07-26 15:42:05 - Processing user in table: {"id":2,"username":"panel_user","email":"teszt@teszt.hu","default_domain":"teszt.hu","bandwidth_limit":100,"disk_space_limit":1000}
2024-07-26 15:42:05 - Processing user in table: {"id":3,"username":"safe","email":"gitt@git.hu","default_domain":"gitdomi.hu","bandwidth_limit":0,"disk_space_limit":0}
2024-07-26 15:42:05 - Processing user in table: {"id":4,"username":"asasa","email":"sadaad@dff.v","default_domain":"sss.hu","bandwidth_limit":10,"disk_space_limit":10}
2024-07-26 15:42:05 - After table generation, users: [{"id":2,"username":"panel_user","email":"teszt@teszt.hu","default_domain":"teszt.hu","bandwidth_limit":100,"disk_space_limit":1000},{"id":3,"username":"safe","email":"gitt@git.hu","default_domain":"gitdomi.hu","bandwidth_limit":0,"disk_space_limit":0},{"id":4,"username":"asasa","email":"sadaad@dff.v","default_domain":"sss.hu","bandwidth_limit":10,"disk_space_limit":10}]
2024-07-26 15:42:05 - Script ended
2024-07-26 13:42:20 - Init.php loaded
2024-07-26 13:42:20 - Header.php loaded
2024-07-26 15:42:28 - Init.php loaded
2024-07-26 15:42:28 - Script started
2024-07-26 15:42:28 - Init file loaded
2024-07-26 15:42:28 - Admin authentication passed
2024-07-26 15:42:28 - Database connection established
2024-07-26 15:42:28 - Table structure: [{"Field":"id","Type":"int(11)","Null":"NO","Key":"PRI","Default":null,"Extra":"auto_increment"},{"Field":"username","Type":"varchar(50)","Null":"NO","Key":"UNI","Default":null,"Extra":""},{"Field":"password","Type":"varchar(255)","Null":"NO","Key":"","Default":null,"Extra":""},{"Field":"email","Type":"varchar(100)","Null":"NO","Key":"UNI","Default":null,"Extra":""},{"Field":"role","Type":"enum('admin','user')","Null":"NO","Key":"","Default":null,"Extra":""},{"Field":"default_domain","Type":"varchar(255)","Null":"NO","Key":"","Default":null,"Extra":""},{"Field":"bandwidth_limit","Type":"int(11)","Null":"NO","Key":"","Default":"0","Extra":""},{"Field":"disk_space_limit","Type":"int(11)","Null":"NO","Key":"","Default":"0","Extra":""},{"Field":"inode_limit","Type":"int(11)","Null":"NO","Key":"","Default":"0","Extra":""},{"Field":"domains_limit","Type":"int(11)","Null":"NO","Key":"","Default":"0","Extra":""},{"Field":"subdomains_limit","Type":"int(11)","Null":"NO","Key":"","Default":"0","Extra":""},{"Field":"domain_pointers_limit","Type":"int(11)","Null":"NO","Key":"","Default":"0","Extra":""},{"Field":"email_accounts_limit","Type":"int(11)","Null":"NO","Key":"","Default":"0","Extra":""},{"Field":"email_forwarders_limit","Type":"int(11)","Null":"NO","Key":"","Default":"0","Extra":""},{"Field":"autoresponders_limit","Type":"int(11)","Null":"NO","Key":"","Default":"0","Extra":""},{"Field":"mysql_databases_limit","Type":"int(11)","Null":"NO","Key":"","Default":"0","Extra":""},{"Field":"ftp_accounts_limit","Type":"int(11)","Null":"NO","Key":"","Default":"0","Extra":""},{"Field":"admin_session","Type":"varchar(255)","Null":"YES","Key":"","Default":null,"Extra":""},{"Field":"linked_admin_id","Type":"int(11)","Null":"YES","Key":"MUL","Default":null,"Extra":""},{"Field":"created_at","Type":"timestamp","Null":"NO","Key":"","Default":"current_timestamp()","Extra":""}]
2024-07-26 15:42:28 - Query: SELECT id, username, email, default_domain, bandwidth_limit, disk_space_limit FROM users WHERE role = "user"
2024-07-26 15:42:28 - Query executed and data fetched
2024-07-26 15:42:28 - Fetched data before header include: [{"id":2,"username":"panel_user","email":"teszt@teszt.hu","default_domain":"teszt.hu","bandwidth_limit":100,"disk_space_limit":1000},{"id":3,"username":"safe","email":"gitt@git.hu","default_domain":"gitdomi.hu","bandwidth_limit":0,"disk_space_limit":0},{"id":4,"username":"asasa","email":"sadaad@dff.v","default_domain":"sss.hu","bandwidth_limit":10,"disk_space_limit":10}]
2024-07-26 15:42:28 - Header.php loaded
2024-07-26 15:42:28 - Fetched data after header include: [{"id":2,"username":"panel_user","email":"teszt@teszt.hu","default_domain":"teszt.hu","bandwidth_limit":100,"disk_space_limit":1000},{"id":3,"username":"safe","email":"gitt@git.hu","default_domain":"gitdomi.hu","bandwidth_limit":0,"disk_space_limit":0},{"id":4,"username":"asasa","email":"sadaad@dff.v","default_domain":"sss.hu","bandwidth_limit":10,"disk_space_limit":10}]
2024-07-26 15:42:28 - Fetched data after sidebar include: [{"id":2,"username":"panel_user","email":"teszt@teszt.hu","default_domain":"teszt.hu","bandwidth_limit":100,"disk_space_limit":1000},{"id":3,"username":"safe","email":"gitt@git.hu","default_domain":"gitdomi.hu","bandwidth_limit":0,"disk_space_limit":0},{"id":4,"username":"asasa","email":"sadaad@dff.v","default_domain":"sss.hu","bandwidth_limit":10,"disk_space_limit":10}]
2024-07-26 15:42:28 - Before table generation, users: [{"id":2,"username":"panel_user","email":"teszt@teszt.hu","default_domain":"teszt.hu","bandwidth_limit":100,"disk_space_limit":1000},{"id":3,"username":"safe","email":"gitt@git.hu","default_domain":"gitdomi.hu","bandwidth_limit":0,"disk_space_limit":0},{"id":4,"username":"asasa","email":"sadaad@dff.v","default_domain":"sss.hu","bandwidth_limit":10,"disk_space_limit":10}]
2024-07-26 15:42:28 - Processing user in table: {"id":2,"username":"panel_user","email":"teszt@teszt.hu","default_domain":"teszt.hu","bandwidth_limit":100,"disk_space_limit":1000}
2024-07-26 15:42:28 - Processing user in table: {"id":3,"username":"safe","email":"gitt@git.hu","default_domain":"gitdomi.hu","bandwidth_limit":0,"disk_space_limit":0}
2024-07-26 15:42:28 - Processing user in table: {"id":4,"username":"asasa","email":"sadaad@dff.v","default_domain":"sss.hu","bandwidth_limit":10,"disk_space_limit":10}
2024-07-26 15:42:28 - After table generation, users: [{"id":2,"username":"panel_user","email":"teszt@teszt.hu","default_domain":"teszt.hu","bandwidth_limit":100,"disk_space_limit":1000},{"id":3,"username":"safe","email":"gitt@git.hu","default_domain":"gitdomi.hu","bandwidth_limit":0,"disk_space_limit":0},{"id":4,"username":"asasa","email":"sadaad@dff.v","default_domain":"sss.hu","bandwidth_limit":10,"disk_space_limit":10}]
2024-07-26 15:42:28 - Script ended
2024-07-26 13:42:30 - Init.php loaded
2024-07-26 13:42:30 - Header.php loaded
2024-07-26 15:42:32 - Init.php loaded
2024-07-26 15:42:32 - Script started
2024-07-26 15:42:32 - Init file loaded
2024-07-26 15:42:32 - Admin authentication passed
2024-07-26 15:42:32 - Database connection established
2024-07-26 15:42:32 - Table structure: [{"Field":"id","Type":"int(11)","Null":"NO","Key":"PRI","Default":null,"Extra":"auto_increment"},{"Field":"username","Type":"varchar(50)","Null":"NO","Key":"UNI","Default":null,"Extra":""},{"Field":"password","Type":"varchar(255)","Null":"NO","Key":"","Default":null,"Extra":""},{"Field":"email","Type":"varchar(100)","Null":"NO","Key":"UNI","Default":null,"Extra":""},{"Field":"role","Type":"enum('admin','user')","Null":"NO","Key":"","Default":null,"Extra":""},{"Field":"default_domain","Type":"varchar(255)","Null":"NO","Key":"","Default":null,"Extra":""},{"Field":"bandwidth_limit","Type":"int(11)","Null":"NO","Key":"","Default":"0","Extra":""},{"Field":"disk_space_limit","Type":"int(11)","Null":"NO","Key":"","Default":"0","Extra":""},{"Field":"inode_limit","Type":"int(11)","Null":"NO","Key":"","Default":"0","Extra":""},{"Field":"domains_limit","Type":"int(11)","Null":"NO","Key":"","Default":"0","Extra":""},{"Field":"subdomains_limit","Type":"int(11)","Null":"NO","Key":"","Default":"0","Extra":""},{"Field":"domain_pointers_limit","Type":"int(11)","Null":"NO","Key":"","Default":"0","Extra":""},{"Field":"email_accounts_limit","Type":"int(11)","Null":"NO","Key":"","Default":"0","Extra":""},{"Field":"email_forwarders_limit","Type":"int(11)","Null":"NO","Key":"","Default":"0","Extra":""},{"Field":"autoresponders_limit","Type":"int(11)","Null":"NO","Key":"","Default":"0","Extra":""},{"Field":"mysql_databases_limit","Type":"int(11)","Null":"NO","Key":"","Default":"0","Extra":""},{"Field":"ftp_accounts_limit","Type":"int(11)","Null":"NO","Key":"","Default":"0","Extra":""},{"Field":"admin_session","Type":"varchar(255)","Null":"YES","Key":"","Default":null,"Extra":""},{"Field":"linked_admin_id","Type":"int(11)","Null":"YES","Key":"MUL","Default":null,"Extra":""},{"Field":"created_at","Type":"timestamp","Null":"NO","Key":"","Default":"current_timestamp()","Extra":""}]
2024-07-26 15:42:32 - Query: SELECT id, username, email, default_domain, bandwidth_limit, disk_space_limit FROM users WHERE role = "user"
2024-07-26 15:42:32 - Query executed and data fetched
2024-07-26 15:42:32 - Fetched data before header include: [{"id":2,"username":"panel_user","email":"teszt@teszt.hu","default_domain":"teszt.hu","bandwidth_limit":100,"disk_space_limit":1000},{"id":3,"username":"safe","email":"gitt@git.hu","default_domain":"gitdomi.hu","bandwidth_limit":0,"disk_space_limit":0},{"id":4,"username":"asasa","email":"sadaad@dff.v","default_domain":"sss.hu","bandwidth_limit":10,"disk_space_limit":10}]
2024-07-26 15:42:32 - Header.php loaded
2024-07-26 15:42:32 - Fetched data after header include: [{"id":2,"username":"panel_user","email":"teszt@teszt.hu","default_domain":"teszt.hu","bandwidth_limit":100,"disk_space_limit":1000},{"id":3,"username":"safe","email":"gitt@git.hu","default_domain":"gitdomi.hu","bandwidth_limit":0,"disk_space_limit":0},{"id":4,"username":"asasa","email":"sadaad@dff.v","default_domain":"sss.hu","bandwidth_limit":10,"disk_space_limit":10}]
2024-07-26 15:42:32 - Fetched data after sidebar include: [{"id":2,"username":"panel_user","email":"teszt@teszt.hu","default_domain":"teszt.hu","bandwidth_limit":100,"disk_space_limit":1000},{"id":3,"username":"safe","email":"gitt@git.hu","default_domain":"gitdomi.hu","bandwidth_limit":0,"disk_space_limit":0},{"id":4,"username":"asasa","email":"sadaad@dff.v","default_domain":"sss.hu","bandwidth_limit":10,"disk_space_limit":10}]
2024-07-26 15:42:32 - Before table generation, users: [{"id":2,"username":"panel_user","email":"teszt@teszt.hu","default_domain":"teszt.hu","bandwidth_limit":100,"disk_space_limit":1000},{"id":3,"username":"safe","email":"gitt@git.hu","default_domain":"gitdomi.hu","bandwidth_limit":0,"disk_space_limit":0},{"id":4,"username":"asasa","email":"sadaad@dff.v","default_domain":"sss.hu","bandwidth_limit":10,"disk_space_limit":10}]
2024-07-26 15:42:32 - Processing user in table: {"id":2,"username":"panel_user","email":"teszt@teszt.hu","default_domain":"teszt.hu","bandwidth_limit":100,"disk_space_limit":1000}
2024-07-26 15:42:32 - Processing user in table: {"id":3,"username":"safe","email":"gitt@git.hu","default_domain":"gitdomi.hu","bandwidth_limit":0,"disk_space_limit":0}
2024-07-26 15:42:32 - Processing user in table: {"id":4,"username":"asasa","email":"sadaad@dff.v","default_domain":"sss.hu","bandwidth_limit":10,"disk_space_limit":10}
2024-07-26 15:42:32 - After table generation, users: [{"id":2,"username":"panel_user","email":"teszt@teszt.hu","default_domain":"teszt.hu","bandwidth_limit":100,"disk_space_limit":1000},{"id":3,"username":"safe","email":"gitt@git.hu","default_domain":"gitdomi.hu","bandwidth_limit":0,"disk_space_limit":0},{"id":4,"username":"asasa","email":"sadaad@dff.v","default_domain":"sss.hu","bandwidth_limit":10,"disk_space_limit":10}]
2024-07-26 15:42:32 - Script ended
